[INFO] Scanning for projects...
[INFO] 
[INFO] --------------------< cs.msu.edu:CSCI_440_Project >---------------------
[INFO] Building CSCI_440_Project 1.0-SNAPSHOT
[INFO] --------------------------------[ jar ]---------------------------------
[INFO] 
[INFO] --- maven-resources-plugin:2.6:resources (default-resources) @ CSCI_440_Project ---
[WARNING] Using platform encoding (UTF-8 actually) to copy filtered resources, i.e. build is platform dependent!
[INFO] Copying 33 resources
[INFO] 
[INFO] --- maven-compiler-plugin:3.1:compile (default-compile) @ CSCI_440_Project ---
[INFO] Nothing to compile - all classes are up to date
[INFO] 
[INFO] --- maven-resources-plugin:2.6:testResources (default-testResources) @ CSCI_440_Project ---
[WARNING] Using platform encoding (UTF-8 actually) to copy filtered resources, i.e. build is platform dependent!
[INFO] Copying 3 resources
[INFO] 
[INFO] --- maven-compiler-plugin:3.1:testCompile (default-testCompile) @ CSCI_440_Project ---
[INFO] Nothing to compile - all classes are up to date
[INFO] 
[INFO] --- maven-surefire-plugin:2.22.1:test (default-test) @ CSCI_440_Project ---
[INFO] 
[INFO] -------------------------------------------------------
[INFO]  T E S T S
[INFO] -------------------------------------------------------
[INFO] Running edu.montana.csci.csci440.model.InvoicesTest
Resetting DB After Test...
No redis found to reset
Resetting DB After Test...
No redis found to reset
Resetting DB After Test...
No redis found to reset
[INFO] Tests run: 3, Failures: 0, Errors: 0, Skipped: 0, Time elapsed: 0.345 s - in edu.montana.csci.csci440.model.InvoicesTest
[INFO] Running edu.montana.csci.csci440.model.TrackTest
Resetting DB After Test...
No redis found to reset
Resetting DB After Test...
No redis found to reset
Resetting DB After Test...
No redis found to reset
Resetting DB After Test...
No redis found to reset
Resetting DB After Test...
No redis found to reset
Resetting DB After Test...
No redis found to reset
Resetting DB After Test...
No redis found to reset
Resetting DB After Test...
No redis found to reset
Resetting DB After Test...
No redis found to reset
Resetting DB After Test...
No redis found to reset
Resetting DB After Test...
No redis found to reset
Resetting DB After Test...
No redis found to reset
[ERROR] Tests run: 12, Failures: 4, Errors: 0, Skipped: 0, Time elapsed: 0.084 s <<< FAILURE! - in edu.montana.csci.csci440.model.TrackTest
[ERROR] testAlbumNameIsStoredOnTrack  Time elapsed: 0 s  <<< FAILURE!
org.opentest4j.AssertionFailedError: expected: <10> but was: <11>
	at edu.montana.csci.csci440.model.TrackTest.testAlbumNameIsStoredOnTrack(TrackTest.java:96)

[ERROR] testOrderByWorks  Time elapsed: 0.001 s  <<< FAILURE!
org.opentest4j.AssertionFailedError: expected: <É Uma Partida De Futebol> but was: <For Those About To Rock (We Salute You)>
	at edu.montana.csci.csci440.model.TrackTest.testOrderByWorks(TrackTest.java:102)

[ERROR] trackCountIsCachedInRedis  Time elapsed: 0.002 s  <<< FAILURE!
org.opentest4j.AssertionFailedError: expected: <33> but was: <34>
	at edu.montana.csci.csci440.model.TrackTest.trackCountIsCachedInRedis(TrackTest.java:120)

[ERROR] testArtistNameIsStoredOnTrack  Time elapsed: 0.005 s  <<< FAILURE!
org.opentest4j.AssertionFailedError: expected: <40> but was: <42>
	at edu.montana.csci.csci440.model.TrackTest.testArtistNameIsStoredOnTrack(TrackTest.java:87)

[INFO] Running edu.montana.csci.csci440.model.PlaylistsTest
Resetting DB After Test...
No redis found to reset
Resetting DB After Test...
No redis found to reset
Resetting DB After Test...
No redis found to reset
[INFO] Tests run: 3, Failures: 0, Errors: 0, Skipped: 0, Time elapsed: 0.023 s - in edu.montana.csci.csci440.model.PlaylistsTest
[INFO] Running edu.montana.csci.csci440.model.AlbumTest
Resetting DB After Test...
No redis found to reset
Resetting DB After Test...
No redis found to reset
Resetting DB After Test...
No redis found to reset
Resetting DB After Test...
No redis found to reset
Resetting DB After Test...
No redis found to reset
[INFO] Tests run: 5, Failures: 0, Errors: 0, Skipped: 0, Time elapsed: 0.043 s - in edu.montana.csci.csci440.model.AlbumTest
[INFO] Running edu.montana.csci.csci440.model.EmployeeTest
Resetting DB After Test...
No redis found to reset
null
Resetting DB After Test...
No redis found to reset
Resetting DB After Test...
No redis found to reset
Resetting DB After Test...
No redis found to reset
Resetting DB After Test...
No redis found to reset
Resetting DB After Test...
No redis found to reset
Resetting DB After Test...
No redis found to reset
[ERROR] Tests run: 7, Failures: 2, Errors: 1, Skipped: 0, Time elapsed: 0.021 s <<< FAILURE! - in edu.montana.csci.csci440.model.EmployeeTest
[ERROR] testCreateWorks  Time elapsed: 0.004 s  <<< FAILURE!
org.opentest4j.AssertionFailedError: expected: <edu.montana.csci.csci440.model.Employee@d1c82101> but was: <edu.montana.csci.csci440.model.Employee@5a8fd531>
	at edu.montana.csci.csci440.model.EmployeeTest.testCreateWorks(EmployeeTest.java:46)

[ERROR] testEmployeeHelperOnlyIssuesOneQuery  Time elapsed: 0.006 s  <<< FAILURE!
org.opentest4j.AssertionFailedError: expected: <true> but was: <false>
	at edu.montana.csci.csci440.model.EmployeeTest.testEmployeeHelperOnlyIssuesOneQuery(EmployeeTest.java:88)

[ERROR] testEmployeeSalesReport  Time elapsed: 0.001 s  <<< ERROR!
java.lang.IndexOutOfBoundsException: Index: 0
	at edu.montana.csci.csci440.model.EmployeeTest.testEmployeeSalesReport(EmployeeTest.java:94)

[INFO] Running edu.montana.csci.csci440.model.ArtistTest
Resetting DB After Test...
No redis found to reset
Resetting DB After Test...
No redis found to reset
Resetting DB After Test...
No redis found to reset
Resetting DB After Test...
No redis found to reset
Resetting DB After Test...
No redis found to reset
Resetting DB After Test...
No redis found to reset
[INFO] Tests run: 6, Failures: 0, Errors: 0, Skipped: 0, Time elapsed: 0.017 s - in edu.montana.csci.csci440.model.ArtistTest
[INFO] Running edu.montana.csci.csci440.model.CustomerTest
Resetting DB After Test...
No redis found to reset
Resetting DB After Test...
No redis found to reset
Resetting DB After Test...
No redis found to reset
[INFO] Tests run: 3, Failures: 0, Errors: 0, Skipped: 0, Time elapsed: 0.013 s - in edu.montana.csci.csci440.model.CustomerTest
[INFO] 
[INFO] Results:
[INFO] 
[ERROR] Failures: 
[ERROR]   EmployeeTest.testCreateWorks:46 expected: <edu.montana.csci.csci440.model.Employee@d1c82101> but was: <edu.montana.csci.csci440.model.Employee@5a8fd531>
[ERROR]   EmployeeTest.testEmployeeHelperOnlyIssuesOneQuery:88 expected: <true> but was: <false>
[ERROR]   TrackTest.testAlbumNameIsStoredOnTrack:96 expected: <10> but was: <11>
[ERROR]   TrackTest.testArtistNameIsStoredOnTrack:87 expected: <40> but was: <42>
[ERROR]   TrackTest.testOrderByWorks:102 expected: <É Uma Partida De Futebol> but was: <For Those About To Rock (We Salute You)>
[ERROR]   TrackTest.trackCountIsCachedInRedis:120 expected: <33> but was: <34>
[ERROR] Errors: 
[ERROR]   EmployeeTest.testEmployeeSalesReport:94 » IndexOutOfBounds Index: 0
[INFO] 
[ERROR] Tests run: 39, Failures: 6, Errors: 1, Skipped: 0
[INFO] 
[INFO] ------------------------------------------------------------------------
[INFO] BUILD FAILURE
[INFO] ------------------------------------------------------------------------
[INFO] Total time:  1.671 s
[INFO] Finished at: 2022-11-29T08:07:26-07:00
[INFO] ------------------------------------------------------------------------
[ERROR] Failed to execute goal org.apache.maven.plugins:maven-surefire-plugin:2.22.1:test (default-test) on project CSCI_440_Project: There are test failures.
[ERROR] 
[ERROR] Please refer to /Users/carson/Projects/msu/demo/csci-440-fall2022-private/grading/scripts/repos/jadeyn_fincher/target/surefire-reports for the individual test results.
[ERROR] Please refer to dump files (if any exist) [date].dump, [date]-jvmRun[N].dump and [date].dumpstream.
[ERROR] -> [Help 1]
[ERROR] 
[ERROR] To see the full stack trace of the errors, re-run Maven with the -e switch.
[ERROR] Re-run Maven using the -X switch to enable full debug logging.
[ERROR] 
[ERROR] For more information about the errors and possible solutions, please read the following articles:
[ERROR] [Help 1] http://cwiki.apache.org/confluence/display/MAVEN/MojoFailureException
